[debug] [2024-01-24T22:24:41.224Z] ----------------------------------------------------------------------
[debug] [2024-01-24T22:24:41.228Z] Command:       C:\Program Files\nodejs\node.exe C:\Users\Yogesh Sharad Abnave\AppData\Roaming\npm\node_modules\firebase-tools\lib\bin\firebase.js init
[debug] [2024-01-24T22:24:41.228Z] CLI Version:   13.0.3
[debug] [2024-01-24T22:24:41.228Z] Platform:      win32
[debug] [2024-01-24T22:24:41.229Z] Node Version:  v20.10.0
[debug] [2024-01-24T22:24:41.229Z] Time:          Thu Jan 25 2024 03:54:41 GMT+0530 (India Standard Time)
[debug] [2024-01-24T22:24:41.229Z] ----------------------------------------------------------------------
[debug] 
[debug] [2024-01-24T22:24:41.237Z] > command requires scopes: ["email","openid","https://www.googleapis.com/auth/cloudplatformprojects.readonly","https://www.googleapis.com/auth/firebase","https://www.googleapis.com/auth/cloud-platform"]
[debug] [2024-01-24T22:24:41.237Z] > authorizing via signed-in user (iamyogeshabnave@gmail.com)
[info] 
     ######## #### ########  ######## ########     ###     ######  ########
     ##        ##  ##     ## ##       ##     ##  ##   ##  ##       ##
     ######    ##  ########  ######   ########  #########  ######  ######
     ##        ##  ##    ##  ##       ##     ## ##     ##       ## ##
     ##       #### ##     ## ######## ########  ##     ##  ######  ########

You're about to initialize a Firebase project in this directory:

  D:\Project Data\Projects\pesto\pesto-react\pesto-task

[debug] [2024-01-24T22:26:53.076Z] ----------------------------------------------------------------------
[debug] [2024-01-24T22:26:53.080Z] Command:       C:\Program Files\nodejs\node.exe C:\Users\Yogesh Sharad Abnave\AppData\Roaming\npm\node_modules\firebase-tools\lib\bin\firebase.js init hosting
[debug] [2024-01-24T22:26:53.081Z] CLI Version:   13.0.3
[debug] [2024-01-24T22:26:53.081Z] Platform:      win32
[debug] [2024-01-24T22:26:53.081Z] Node Version:  v20.10.0
[debug] [2024-01-24T22:26:53.082Z] Time:          Thu Jan 25 2024 03:56:53 GMT+0530 (India Standard Time)
[debug] [2024-01-24T22:26:53.082Z] ----------------------------------------------------------------------
[debug] 
[debug] [2024-01-24T22:26:53.092Z] > command requires scopes: ["email","openid","https://www.googleapis.com/auth/cloudplatformprojects.readonly","https://www.googleapis.com/auth/firebase","https://www.googleapis.com/auth/cloud-platform"]
[debug] [2024-01-24T22:26:53.093Z] > authorizing via signed-in user (iamyogeshabnave@gmail.com)
[info] 
     ######## #### ########  ######## ########     ###     ######  ########
     ##        ##  ##     ## ##       ##     ##  ##   ##  ##       ##
     ######    ##  ########  ######   ########  #########  ######  ######
     ##        ##  ##    ##  ##       ##     ## ##     ##       ## ##
     ##       #### ##     ## ######## ########  ##     ##  ######  ########

You're about to initialize a Firebase project in this directory:

  D:\Project Data\Projects\pesto\pesto-react\pesto-task

[info] 
=== Project Setup
[info] 
[info] First, let's associate this project directory with a Firebase project.
[info] You can create multiple project aliases by running firebase use --add, 
[info] but for now we'll just set up a default project.
[info] 
[debug] [2024-01-24T22:27:01.050Z] >>> [apiv2][query] GET https://firebase.googleapis.com/v1beta1/projects pageSize=100
[debug] [2024-01-24T22:27:02.501Z] <<< [apiv2][status] GET https://firebase.googleapis.com/v1beta1/projects 200
[debug] [2024-01-24T22:27:02.502Z] <<< [apiv2][body] GET https://firebase.googleapis.com/v1beta1/projects [omitted]
[info] i  Using project node-express-api-bd790 (Node-express-api) 
[info] 
=== Hosting Setup
[debug] [2024-01-24T22:27:12.970Z] >>> [apiv2][query] GET https://firebase.googleapis.com/v1beta1/projects/node-express-api-bd790 [none]
[debug] [2024-01-24T22:27:13.517Z] <<< [apiv2][status] GET https://firebase.googleapis.com/v1beta1/projects/node-express-api-bd790 200
[debug] [2024-01-24T22:27:13.517Z] <<< [apiv2][body] GET https://firebase.googleapis.com/v1beta1/projects/node-express-api-bd790 {"projectId":"node-express-api-bd790","projectNumber":"309287485527","displayName":"Node-express-api","name":"projects/node-express-api-bd790","resources":{"hostingSite":"node-express-api-bd790"},"state":"ACTIVE","etag":"1_c09f4ed0-a021-4d82-8e2e-dadf00f2622f"}
[info] 
[info] Your public directory is the folder (relative to your project directory) that
[info] will contain Hosting assets to be uploaded with firebase deploy. If you
[info] have a build process for your assets, use your build's output directory.
[info] 
