[debug] [2024-01-24T23:25:04.061Z] ----------------------------------------------------------------------
[debug] [2024-01-24T23:25:04.064Z] Command:       C:\Program Files\nodejs\node.exe C:\Users\Yogesh Sharad Abnave\AppData\Roaming\npm\node_modules\firebase-tools\lib\bin\firebase.js init
[debug] [2024-01-24T23:25:04.065Z] CLI Version:   13.0.3
[debug] [2024-01-24T23:25:04.065Z] Platform:      win32
[debug] [2024-01-24T23:25:04.065Z] Node Version:  v20.10.0
[debug] [2024-01-24T23:25:04.065Z] Time:          Thu Jan 25 2024 04:55:04 GMT+0530 (India Standard Time)
[debug] [2024-01-24T23:25:04.065Z] ----------------------------------------------------------------------
[debug] 
[debug] [2024-01-24T23:25:04.143Z] > command requires scopes: ["email","openid","https://www.googleapis.com/auth/cloudplatformprojects.readonly","https://www.googleapis.com/auth/firebase","https://www.googleapis.com/auth/cloud-platform"]
[debug] [2024-01-24T23:25:04.144Z] > authorizing via signed-in user (iamyogeshabnave@gmail.com)
[info] 
     ######## #### ########  ######## ########     ###     ######  ########
     ##        ##  ##     ## ##       ##     ##  ##   ##  ##       ##
     ######    ##  ########  ######   ########  #########  ######  ######
     ##        ##  ##    ##  ##       ##     ## ##     ##       ## ##
     ##       #### ##     ## ######## ########  ##     ##  ######  ########

You're about to initialize a Firebase project in this directory:

  D:\Project Data\Projects\pesto\pesto-react\pesto-task\pesto-task-backend

Before we get started, keep in mind:

  * You are initializing within an existing Firebase project directory

[info] 
=== Project Setup
[info] 
[info] First, let's associate this project directory with a Firebase project.
[info] You can create multiple project aliases by running firebase use --add, 
[info] but for now we'll just set up a default project.
[info] 
[debug] [2024-01-24T23:25:29.569Z] Using project from CLI flag: node-express-api-bd790
[debug] [2024-01-24T23:25:29.572Z] >>> [apiv2][query] GET https://firebase.googleapis.com/v1beta1/projects/node-express-api-bd790 [none]
[debug] [2024-01-24T23:25:30.510Z] <<< [apiv2][status] GET https://firebase.googleapis.com/v1beta1/projects/node-express-api-bd790 200
[debug] [2024-01-24T23:25:30.511Z] <<< [apiv2][body] GET https://firebase.googleapis.com/v1beta1/projects/node-express-api-bd790 {"projectId":"node-express-api-bd790","projectNumber":"309287485527","displayName":"Node-express-api","name":"projects/node-express-api-bd790","resources":{"hostingSite":"node-express-api-bd790"},"state":"ACTIVE","etag":"1_c09f4ed0-a021-4d82-8e2e-dadf00f2622f"}
[info] i  Using project node-express-api-bd790 (Node-express-api) 
[info] 
=== Hosting Setup
[debug] [2024-01-24T23:25:30.518Z] >>> [apiv2][query] GET https://firebase.googleapis.com/v1beta1/projects/node-express-api-bd790 [none]
[debug] [2024-01-24T23:25:30.913Z] <<< [apiv2][status] GET https://firebase.googleapis.com/v1beta1/projects/node-express-api-bd790 200
[debug] [2024-01-24T23:25:30.914Z] <<< [apiv2][body] GET https://firebase.googleapis.com/v1beta1/projects/node-express-api-bd790 {"projectId":"node-express-api-bd790","projectNumber":"309287485527","displayName":"Node-express-api","name":"projects/node-express-api-bd790","resources":{"hostingSite":"node-express-api-bd790"},"state":"ACTIVE","etag":"1_c09f4ed0-a021-4d82-8e2e-dadf00f2622f"}
[info] 
[info] Your public directory is the folder (relative to your project directory) that
[info] will contain Hosting assets to be uploaded with firebase deploy. If you
[info] have a build process for your assets, use your build's output directory.
[info] 
[debug] [2024-01-24T23:25:42.296Z] >>> [apiv2][query] GET https://www.gstatic.com/firebasejs/releases.json [none]
[debug] [2024-01-24T23:25:42.577Z] <<< [apiv2][status] GET https://www.gstatic.com/firebasejs/releases.json 200
[debug] [2024-01-24T23:25:42.577Z] <<< [apiv2][body] GET https://www.gstatic.com/firebasejs/releases.json {"current":{"version":"10.7.2","browserURL":"https://www.gstatic.com/firebasejs/10.7.2/firebase.js","packageURL":"https://www.gstatic.com/firebasejs/10.7.2/firebase.tgz"},"live":{"version":"10.7","browserURL":"https://www.gstatic.com/firebasejs/live/10.7/firebase.js","packageURL":"https://www.gstatic.com/firebasejs/live/10.7/firebase.tgz"},"components":{"analytics":"https://www.gstatic.com/firebasejs/10.7.2/firebase-analytics.js","app":"https://www.gstatic.com/firebasejs/10.7.2/firebase-app.js","app-check":"https://www.gstatic.com/firebasejs/10.7.2/firebase-app-check.js","auth":"https://www.gstatic.com/firebasejs/10.7.2/firebase-auth.js","auth/cordova":"https://www.gstatic.com/firebasejs/10.7.2/firebase-auth/cordova.js","functions":"https://www.gstatic.com/firebasejs/10.7.2/firebase-functions.js","firestore":"https://www.gstatic.com/firebasejs/10.7.2/firebase-firestore.js","firestore/lite":"https://www.gstatic.com/firebasejs/10.7.2/firebase-firestore/lite.js","installations":"https://www.gstatic.com/firebasejs/10.7.2/firebase-installations.js","storage":"https://www.gstatic.com/firebasejs/10.7.2/firebase-storage.js","performance":"https://www.gstatic.com/firebasejs/10.7.2/firebase-performance.js","remote-config":"https://www.gstatic.com/firebasejs/10.7.2/firebase-remote-config.js","messaging":"https://www.gstatic.com/firebasejs/10.7.2/firebase-messaging.js","messaging/sw":"https://www.gstatic.com/firebasejs/10.7.2/firebase-messaging/sw.js","database":"https://www.gstatic.com/firebasejs/10.7.2/firebase-database.js","firestore.memory":"https://www.gstatic.com/firebasejs/10.7.2/firebase-firestore.memory.js"}}
[info] +  Wrote dist/index.html 
[info] 
[info] i  Detected a .git folder at D:\Project Data\Projects\pesto\pesto-react\pesto-task 
[info] i  Authorizing with GitHub to upload your service account to a GitHub repository's secrets store. 
[info] 
[info] Visit this URL on this device to log in:
[info] https://github.com/login/oauth/authorize?client_id=89cf50f02ac6aaed3484&state=403654428&redirect_uri=http%3A%2F%2Flocalhost%3A9005&scope=read%3Auser%20repo%20public_repo
[info] 
[info] Waiting for authentication...
[debug] [2024-01-24T23:25:42.626Z] Error: spawn cmd ENOENT
    at ChildProcess._handle.onexit (node:internal/child_process:286:19)
    at onErrorNT (node:internal/child_process:484:16)
    at process.processTicksAndRejections (node:internal/process/task_queues:82:21)
[error] 
[error] Error: An unexpected error has occurred.
[debug] [2024-01-24T23:25:56.007Z] ----------------------------------------------------------------------
[debug] [2024-01-24T23:25:56.010Z] Command:       C:\Program Files\nodejs\node.exe C:\Users\Yogesh Sharad Abnave\AppData\Roaming\npm\node_modules\firebase-tools\lib\bin\firebase.js init
[debug] [2024-01-24T23:25:56.011Z] CLI Version:   13.0.3
[debug] [2024-01-24T23:25:56.011Z] Platform:      win32
[debug] [2024-01-24T23:25:56.011Z] Node Version:  v20.10.0
[debug] [2024-01-24T23:25:56.011Z] Time:          Thu Jan 25 2024 04:55:56 GMT+0530 (India Standard Time)
[debug] [2024-01-24T23:25:56.012Z] ----------------------------------------------------------------------
[debug] 
[debug] [2024-01-24T23:25:56.112Z] > command requires scopes: ["email","openid","https://www.googleapis.com/auth/cloudplatformprojects.readonly","https://www.googleapis.com/auth/firebase","https://www.googleapis.com/auth/cloud-platform"]
[debug] [2024-01-24T23:25:56.112Z] > authorizing via signed-in user (iamyogeshabnave@gmail.com)
[info] 
     ######## #### ########  ######## ########     ###     ######  ########
     ##        ##  ##     ## ##       ##     ##  ##   ##  ##       ##
     ######    ##  ########  ######   ########  #########  ######  ######
     ##        ##  ##    ##  ##       ##     ## ##     ##       ## ##
     ##       #### ##     ## ######## ########  ##     ##  ######  ########

You're about to initialize a Firebase project in this directory:

  D:\Project Data\Projects\pesto\pesto-react\pesto-task\pesto-task-backend

Before we get started, keep in mind:

  * You are initializing within an existing Firebase project directory

[debug] [2024-01-24T23:27:13.225Z] ----------------------------------------------------------------------
[debug] [2024-01-24T23:27:13.228Z] Command:       C:\Program Files\nodejs\node.exe C:\Users\Yogesh Sharad Abnave\AppData\Roaming\npm\node_modules\firebase-tools\lib\bin\firebase.js init hosting
[debug] [2024-01-24T23:27:13.228Z] CLI Version:   13.0.3
[debug] [2024-01-24T23:27:13.228Z] Platform:      win32
[debug] [2024-01-24T23:27:13.229Z] Node Version:  v20.10.0
[debug] [2024-01-24T23:27:13.229Z] Time:          Thu Jan 25 2024 04:57:13 GMT+0530 (India Standard Time)
[debug] [2024-01-24T23:27:13.229Z] ----------------------------------------------------------------------
[debug] 
[debug] [2024-01-24T23:27:13.306Z] > command requires scopes: ["email","openid","https://www.googleapis.com/auth/cloudplatformprojects.readonly","https://www.googleapis.com/auth/firebase","https://www.googleapis.com/auth/cloud-platform"]
[debug] [2024-01-24T23:27:13.307Z] > authorizing via signed-in user (iamyogeshabnave@gmail.com)
[info] 
     ######## #### ########  ######## ########     ###     ######  ########
     ##        ##  ##     ## ##       ##     ##  ##   ##  ##       ##
     ######    ##  ########  ######   ########  #########  ######  ######
     ##        ##  ##    ##  ##       ##     ## ##     ##       ## ##
     ##       #### ##     ## ######## ########  ##     ##  ######  ########

You're about to initialize a Firebase project in this directory:

  D:\Project Data\Projects\pesto\pesto-react\pesto-task\pesto-task-backend

Before we get started, keep in mind:

  * You are initializing within an existing Firebase project directory

[info] 
=== Project Setup
[info] 
[info] First, let's associate this project directory with a Firebase project.
[info] You can create multiple project aliases by running firebase use --add, 
[info] but for now we'll just set up a default project.
[info] 
[debug] [2024-01-24T23:27:18.678Z] Using project from CLI flag: node-express-api-bd790
[debug] [2024-01-24T23:27:18.686Z] >>> [apiv2][query] GET https://firebase.googleapis.com/v1beta1/projects/node-express-api-bd790 [none]
[debug] [2024-01-24T23:27:19.681Z] <<< [apiv2][status] GET https://firebase.googleapis.com/v1beta1/projects/node-express-api-bd790 200
[debug] [2024-01-24T23:27:19.682Z] <<< [apiv2][body] GET https://firebase.googleapis.com/v1beta1/projects/node-express-api-bd790 {"projectId":"node-express-api-bd790","projectNumber":"309287485527","displayName":"Node-express-api","name":"projects/node-express-api-bd790","resources":{"hostingSite":"node-express-api-bd790"},"state":"ACTIVE","etag":"1_c09f4ed0-a021-4d82-8e2e-dadf00f2622f"}
[info] i  Using project node-express-api-bd790 (Node-express-api) 
[info] 
=== Hosting Setup
[debug] [2024-01-24T23:27:19.688Z] >>> [apiv2][query] GET https://firebase.googleapis.com/v1beta1/projects/node-express-api-bd790 [none]
[debug] [2024-01-24T23:27:20.135Z] <<< [apiv2][status] GET https://firebase.googleapis.com/v1beta1/projects/node-express-api-bd790 200
[debug] [2024-01-24T23:27:20.136Z] <<< [apiv2][body] GET https://firebase.googleapis.com/v1beta1/projects/node-express-api-bd790 {"projectId":"node-express-api-bd790","projectNumber":"309287485527","displayName":"Node-express-api","name":"projects/node-express-api-bd790","resources":{"hostingSite":"node-express-api-bd790"},"state":"ACTIVE","etag":"1_c09f4ed0-a021-4d82-8e2e-dadf00f2622f"}
[info] 
[info] Your public directory is the folder (relative to your project directory) that
[info] will contain Hosting assets to be uploaded with firebase deploy. If you
[info] have a build process for your assets, use your build's output directory.
[info] 
[info] +  Wrote dist/404.html 
[debug] [2024-01-24T23:28:19.540Z] >>> [apiv2][query] GET https://www.gstatic.com/firebasejs/releases.json [none]
[debug] [2024-01-24T23:28:19.951Z] <<< [apiv2][status] GET https://www.gstatic.com/firebasejs/releases.json 200
[debug] [2024-01-24T23:28:19.951Z] <<< [apiv2][body] GET https://www.gstatic.com/firebasejs/releases.json {"current":{"version":"10.7.2","browserURL":"https://www.gstatic.com/firebasejs/10.7.2/firebase.js","packageURL":"https://www.gstatic.com/firebasejs/10.7.2/firebase.tgz"},"live":{"version":"10.7","browserURL":"https://www.gstatic.com/firebasejs/live/10.7/firebase.js","packageURL":"https://www.gstatic.com/firebasejs/live/10.7/firebase.tgz"},"components":{"analytics":"https://www.gstatic.com/firebasejs/10.7.2/firebase-analytics.js","app":"https://www.gstatic.com/firebasejs/10.7.2/firebase-app.js","app-check":"https://www.gstatic.com/firebasejs/10.7.2/firebase-app-check.js","auth":"https://www.gstatic.com/firebasejs/10.7.2/firebase-auth.js","auth/cordova":"https://www.gstatic.com/firebasejs/10.7.2/firebase-auth/cordova.js","functions":"https://www.gstatic.com/firebasejs/10.7.2/firebase-functions.js","firestore":"https://www.gstatic.com/firebasejs/10.7.2/firebase-firestore.js","firestore/lite":"https://www.gstatic.com/firebasejs/10.7.2/firebase-firestore/lite.js","installations":"https://www.gstatic.com/firebasejs/10.7.2/firebase-installations.js","storage":"https://www.gstatic.com/firebasejs/10.7.2/firebase-storage.js","performance":"https://www.gstatic.com/firebasejs/10.7.2/firebase-performance.js","remote-config":"https://www.gstatic.com/firebasejs/10.7.2/firebase-remote-config.js","messaging":"https://www.gstatic.com/firebasejs/10.7.2/firebase-messaging.js","messaging/sw":"https://www.gstatic.com/firebasejs/10.7.2/firebase-messaging/sw.js","database":"https://www.gstatic.com/firebasejs/10.7.2/firebase-database.js","firestore.memory":"https://www.gstatic.com/firebasejs/10.7.2/firebase-firestore.memory.js"}}
[info] +  Wrote dist/index.html 
[info] 
[info] i  Detected a .git folder at D:\Project Data\Projects\pesto\pesto-react\pesto-task 
[info] i  Authorizing with GitHub to upload your service account to a GitHub repository's secrets store. 
[info] 
[info] Visit this URL on this device to log in:
[info] https://github.com/login/oauth/authorize?client_id=89cf50f02ac6aaed3484&state=3345445&redirect_uri=http%3A%2F%2Flocalhost%3A9005&scope=read%3Auser%20repo%20public_repo
[info] 
[info] Waiting for authentication...
[debug] [2024-01-24T23:29:07.115Z] Error: spawn cmd ENOENT
    at ChildProcess._handle.onexit (node:internal/child_process:286:19)
    at onErrorNT (node:internal/child_process:484:16)
    at process.processTicksAndRejections (node:internal/process/task_queues:82:21)
[error] 
[error] Error: An unexpected error has occurred.
